<?xml version="1.0" encoding="UTF-8"?>
<!-- Generated by org.testng.reporters.JUnitReportReporter -->
<testsuite skipped="0" hostname="NilamAkshay-PC" name="testng.TestApp" tests="7" failures="0" timestamp="29 Oct 2018 12:01:14 GMT" time="0.271" errors="0">
  <testcase name="testProcessngFail" time="0.076" classname="testng.TestApp"/>
  <testcase name="testCurrencyFormatter" time="0.016" classname="testng.TestApp"/>
  <testcase name="testQuantity" time="0.002" classname="testng.TestApp"/>
  <testcase name="testProcessngPass" time="0.146" classname="testng.TestApp"/>
  <testcase name="testListOfMessages" time="0.003" classname="testng.TestApp"/>
  <testcase name="testAmountForProductPass" time="0.004" classname="testng.TestApp"/>
  <testcase name="testAmountForProductFail" time="0.024" classname="testng.TestApp"/>
</testsuite> <!-- testng.TestApp -->
